0 info it worked if it ends with ok
1 verbose cli [ '/home/zhanghuabin/.nvm/versions/node/v6.9.0/bin/node',
1 verbose cli   '/home/zhanghuabin/.nvm/versions/node/v6.9.0/bin/npm',
1 verbose cli   'start' ]
2 info using npm@3.10.8
3 info using node@v6.9.0
4 verbose run-script [ 'prestart', 'start', 'poststart' ]
5 info lifecycle react-hot-boilerplate-patch-1@0.1.0~prestart: react-hot-boilerplate-patch-1@0.1.0
6 silly lifecycle react-hot-boilerplate-patch-1@0.1.0~prestart: no script for prestart, continuing
7 info lifecycle react-hot-boilerplate-patch-1@0.1.0~start: react-hot-boilerplate-patch-1@0.1.0
8 verbose lifecycle react-hot-boilerplate-patch-1@0.1.0~start: unsafe-perm in lifecycle true
9 verbose lifecycle react-hot-boilerplate-patch-1@0.1.0~start: PATH: /home/zhanghuabin/.nvm/versions/node/v6.9.0/lib/node_modules/npm/bin/node-gyp-bin:/home/zhanghuabin/work/project/WebpackStudyDemo/hot-module-replacement/react-hot-boilerplate-patch-1/node_modules/.bin:/home/zhanghuabin/.nvm/versions/node/v6.9.0/bin:/home/zhanghuabin/software/java/8/32/bin:/home/zhanghuabin/software/apache-maven/bin:/home/zhanghuabin/software/gradle/bin:/home/zhanghuabin/work/android-sdk/platform-tools:/home/zhanghuabin/bin:/usr/local/sbin:/usr/local/bin:/usr/sbin:/usr/bin:/sbin:/bin:/usr/games:/usr/local/games
10 verbose lifecycle react-hot-boilerplate-patch-1@0.1.0~start: CWD: /home/zhanghuabin/work/project/WebpackStudyDemo/hot-module-replacement/react-hot-boilerplate-patch-1
11 silly lifecycle react-hot-boilerplate-patch-1@0.1.0~start: Args: [ '-c', 'node server.js' ]
12 silly lifecycle react-hot-boilerplate-patch-1@0.1.0~start: Returned: code: 1  signal: null
13 info lifecycle react-hot-boilerplate-patch-1@0.1.0~start: Failed to exec start script
14 verbose stack Error: react-hot-boilerplate-patch-1@0.1.0 start: `node server.js`
14 verbose stack Exit status 1
14 verbose stack     at EventEmitter.<anonymous> (/home/zhanghuabin/.nvm/versions/node/v6.9.0/lib/node_modules/npm/lib/utils/lifecycle.js:255:16)
14 verbose stack     at emitTwo (events.js:106:13)
14 verbose stack     at EventEmitter.emit (events.js:191:7)
14 verbose stack     at ChildProcess.<anonymous> (/home/zhanghuabin/.nvm/versions/node/v6.9.0/lib/node_modules/npm/lib/utils/spawn.js:40:14)
14 verbose stack     at emitTwo (events.js:106:13)
14 verbose stack     at ChildProcess.emit (events.js:191:7)
14 verbose stack     at maybeClose (internal/child_process.js:877:16)
14 verbose stack     at Process.ChildProcess._handle.onexit (internal/child_process.js:226:5)
15 verbose pkgid react-hot-boilerplate-patch-1@0.1.0
16 verbose cwd /home/zhanghuabin/work/project/WebpackStudyDemo/hot-module-replacement/react-hot-boilerplate-patch-1
17 error Linux 4.4.0-21-generic
18 error argv "/home/zhanghuabin/.nvm/versions/node/v6.9.0/bin/node" "/home/zhanghuabin/.nvm/versions/node/v6.9.0/bin/npm" "start"
19 error node v6.9.0
20 error npm  v3.10.8
21 error code ELIFECYCLE
22 error react-hot-boilerplate-patch-1@0.1.0 start: `node server.js`
22 error Exit status 1
23 error Failed at the react-hot-boilerplate-patch-1@0.1.0 start script 'node server.js'.
23 error Make sure you have the latest version of node.js and npm installed.
23 error If you do, this is most likely a problem with the react-hot-boilerplate-patch-1 package,
23 error not with npm itself.
23 error Tell the author that this fails on your system:
23 error     node server.js
23 error You can get information on how to open an issue for this project with:
23 error     npm bugs react-hot-boilerplate-patch-1
23 error Or if that isn't available, you can get their info via:
23 error     npm owner ls react-hot-boilerplate-patch-1
23 error There is likely additional logging output above.
24 verbose exit [ 1, true ]
