0 info it worked if it ends with ok
1 verbose cli [ '/home/zhanghuabin/.nvm/versions/node/v6.9.0/bin/node',
1 verbose cli   '/home/zhanghuabin/.nvm/versions/node/v6.9.0/bin/npm',
1 verbose cli   'run',
1 verbose cli   'start:api' ]
2 info using npm@4.0.5
3 info using node@v6.9.0
4 verbose run-script [ 'prestart:api', 'start:api', 'poststart:api' ]
5 info lifecycle @~prestart:api: @
6 silly lifecycle @~prestart:api: no script for prestart:api, continuing
7 info lifecycle @~start:api: @
8 verbose lifecycle @~start:api: unsafe-perm in lifecycle true
9 verbose lifecycle @~start:api: PATH: /home/zhanghuabin/.nvm/versions/node/v6.9.0/lib/node_modules/npm/bin/node-gyp-bin:/home/zhanghuabin/work/project/learning/webpack/7-advanced/7.4-log/node_modules/.bin:/home/zhanghuabin/.nvm/versions/node/v6.9.0/bin:/home/zhanghuabin/software/java/8/32/bin:/home/zhanghuabin/software/apache-maven/bin:/home/zhanghuabin/software/gradle/bin:/home/zhanghuabin/work/android-sdk/platform-tools:/home/zhanghuabin/work/android-sdk/tools:/usr/local/sbin:/usr/local/bin:/usr/sbin:/usr/bin:/sbin:/bin:/usr/games:/usr/local/games
10 verbose lifecycle @~start:api: CWD: /home/zhanghuabin/work/project/learning/webpack/7-advanced/7.4-log
11 silly lifecycle @~start:api: Args: [ '-c', 'babel-node ./devServer.js' ]
12 silly lifecycle @~start:api: Returned: code: 1  signal: null
13 info lifecycle @~start:api: Failed to exec start:api script
14 verbose stack Error: @ start:api: `babel-node ./devServer.js`
14 verbose stack Exit status 1
14 verbose stack     at EventEmitter.<anonymous> (/home/zhanghuabin/.nvm/versions/node/v6.9.0/lib/node_modules/npm/lib/utils/lifecycle.js:279:16)
14 verbose stack     at emitTwo (events.js:106:13)
14 verbose stack     at EventEmitter.emit (events.js:191:7)
14 verbose stack     at ChildProcess.<anonymous> (/home/zhanghuabin/.nvm/versions/node/v6.9.0/lib/node_modules/npm/lib/utils/spawn.js:40:14)
14 verbose stack     at emitTwo (events.js:106:13)
14 verbose stack     at ChildProcess.emit (events.js:191:7)
14 verbose stack     at maybeClose (internal/child_process.js:877:16)
14 verbose stack     at Process.ChildProcess._handle.onexit (internal/child_process.js:226:5)
15 verbose pkgid @
16 verbose cwd /home/zhanghuabin/work/project/learning/webpack/7-advanced/7.4-log
17 error Linux 4.4.0-21-generic
18 error argv "/home/zhanghuabin/.nvm/versions/node/v6.9.0/bin/node" "/home/zhanghuabin/.nvm/versions/node/v6.9.0/bin/npm" "run" "start:api"
19 error node v6.9.0
20 error npm  v4.0.5
21 error code ELIFECYCLE
22 error @ start:api: `babel-node ./devServer.js`
22 error Exit status 1
23 error Failed at the @ start:api script 'babel-node ./devServer.js'.
23 error Make sure you have the latest version of node.js and npm installed.
23 error If you do, this is most likely a problem with the  package,
23 error not with npm itself.
23 error Tell the author that this fails on your system:
23 error     babel-node ./devServer.js
23 error You can get information on how to open an issue for this project with:
23 error     npm bugs
23 error Or if that isn't available, you can get their info via:
23 error     npm owner ls
23 error There is likely additional logging output above.
24 verbose exit [ 1, true ]
