0 info it worked if it ends with ok
1 verbose cli [ '/home/zhanghuabin/.nvm/versions/node/v6.9.0/bin/node',
1 verbose cli   '/home/zhanghuabin/.nvm/versions/node/v6.9.0/bin/npm',
1 verbose cli   'run',
1 verbose cli   'practice' ]
2 info using npm@4.0.5
3 info using node@v6.9.0
4 verbose run-script [ 'prepractice', 'practice', 'postpractice' ]
5 info lifecycle @~prepractice: @
6 silly lifecycle @~prepractice: no script for prepractice, continuing
7 info lifecycle @~practice: @
8 verbose lifecycle @~practice: unsafe-perm in lifecycle true
9 verbose lifecycle @~practice: PATH: /home/zhanghuabin/.nvm/versions/node/v6.9.0/lib/node_modules/npm/bin/node-gyp-bin:/home/zhanghuabin/work/project/learning/webpack/5-plugin/ProgressPlugin/node_modules/.bin:/home/zhanghuabin/.nvm/versions/node/v6.9.0/bin:/home/zhanghuabin/software/java/8/32/bin:/home/zhanghuabin/software/apache-maven/bin:/home/zhanghuabin/software/gradle/bin:/home/zhanghuabin/work/android-sdk/platform-tools:/home/zhanghuabin/work/android-sdk/tools:/usr/local/sbin:/usr/local/bin:/usr/sbin:/usr/bin:/sbin:/bin:/usr/games:/usr/local/games
10 verbose lifecycle @~practice: CWD: /home/zhanghuabin/work/project/learning/webpack/5-plugin/ProgressPlugin
11 silly lifecycle @~practice: Args: [ '-c', 'webpack --config ./webpack.config.practice.js' ]
12 silly lifecycle @~practice: Returned: code: 1  signal: null
13 info lifecycle @~practice: Failed to exec practice script
14 verbose stack Error: @ practice: `webpack --config ./webpack.config.practice.js`
14 verbose stack Exit status 1
14 verbose stack     at EventEmitter.<anonymous> (/home/zhanghuabin/.nvm/versions/node/v6.9.0/lib/node_modules/npm/lib/utils/lifecycle.js:279:16)
14 verbose stack     at emitTwo (events.js:106:13)
14 verbose stack     at EventEmitter.emit (events.js:191:7)
14 verbose stack     at ChildProcess.<anonymous> (/home/zhanghuabin/.nvm/versions/node/v6.9.0/lib/node_modules/npm/lib/utils/spawn.js:40:14)
14 verbose stack     at emitTwo (events.js:106:13)
14 verbose stack     at ChildProcess.emit (events.js:191:7)
14 verbose stack     at maybeClose (internal/child_process.js:877:16)
14 verbose stack     at Process.ChildProcess._handle.onexit (internal/child_process.js:226:5)
15 verbose pkgid @
16 verbose cwd /home/zhanghuabin/work/project/learning/webpack/5-plugin/ProgressPlugin
17 error Linux 4.4.0-21-generic
18 error argv "/home/zhanghuabin/.nvm/versions/node/v6.9.0/bin/node" "/home/zhanghuabin/.nvm/versions/node/v6.9.0/bin/npm" "run" "practice"
19 error node v6.9.0
20 error npm  v4.0.5
21 error code ELIFECYCLE
22 error @ practice: `webpack --config ./webpack.config.practice.js`
22 error Exit status 1
23 error Failed at the @ practice script 'webpack --config ./webpack.config.practice.js'.
23 error Make sure you have the latest version of node.js and npm installed.
23 error If you do, this is most likely a problem with the  package,
23 error not with npm itself.
23 error Tell the author that this fails on your system:
23 error     webpack --config ./webpack.config.practice.js
23 error You can get information on how to open an issue for this project with:
23 error     npm bugs
23 error Or if that isn't available, you can get their info via:
23 error     npm owner ls
23 error There is likely additional logging output above.
24 verbose exit [ 1, true ]
