0 info it worked if it ends with ok
1 verbose cli [ '/home/zhanghuabin/software/nodejs/bin/node',
1 verbose cli   '/home/zhanghuabin/software/nodejs/node_global/bin/npm',
1 verbose cli   'run',
1 verbose cli   'startbest-practice' ]
2 info using npm@3.5.3
3 info using node@v5.3.0
4 verbose stack Error: missing script: startbest-practice
4 verbose stack     at run (/home/zhanghuabin/software/nodejs/node_global/lib/node_modules/npm/lib/run-script.js:147:19)
4 verbose stack     at /home/zhanghuabin/software/nodejs/node_global/lib/node_modules/npm/lib/run-script.js:57:5
4 verbose stack     at /home/zhanghuabin/software/nodejs/node_global/lib/node_modules/npm/node_modules/read-package-json/read-json.js:345:5
4 verbose stack     at checkBinReferences_ (/home/zhanghuabin/software/nodejs/node_global/lib/node_modules/npm/node_modules/read-package-json/read-json.js:309:45)
4 verbose stack     at final (/home/zhanghuabin/software/nodejs/node_global/lib/node_modules/npm/node_modules/read-package-json/read-json.js:343:3)
4 verbose stack     at then (/home/zhanghuabin/software/nodejs/node_global/lib/node_modules/npm/node_modules/read-package-json/read-json.js:113:5)
4 verbose stack     at /home/zhanghuabin/software/nodejs/node_global/lib/node_modules/npm/node_modules/read-package-json/read-json.js:232:12
4 verbose stack     at /home/zhanghuabin/software/nodejs/node_global/lib/node_modules/npm/node_modules/graceful-fs/graceful-fs.js:76:16
4 verbose stack     at tryToString (fs.js:414:3)
4 verbose stack     at FSReqWrap.readFileAfterClose [as oncomplete] (fs.js:401:12)
5 verbose cwd /home/zhanghuabin/work/project/study/webpack/performance
6 error Linux 3.19.0-32-generic
7 error argv "/home/zhanghuabin/software/nodejs/bin/node" "/home/zhanghuabin/software/nodejs/node_global/bin/npm" "run" "startbest-practice"
8 error node v5.3.0
9 error npm  v3.5.3
10 error missing script: startbest-practice
11 error If you need help, you may report this error at:
11 error     <https://github.com/npm/npm/issues>
12 verbose exit [ 1, true ]
